[   .0000]Liuxvesin 4.0.0-3-enri (uiddlc0130 (ccvesin .30 01046 Ubnt 63.-1ubnt2)) 37Ubnt SP riAu 1 1:5:5 UC 01 (butu4.0.-3.3-gneic4.0.7)
[   .0000]KENE spprtd pu:
[   .0000]  ntl Gnunentl
[   .0000]  AD utenicMD

[   .0000]  NC eoe y SC

[   .0000]  Cri CriInted
[   .0000]  CnturCetarHul
[   .0000]  rasmtaGeuineMx6
[   .0000]  Tanmea rasmtaPU

[   .0000]  UM UC MCUM
[   .0000]x86fp: egcyx8 FU etctd.
[   00000] 82: IO-povded hyicl AMma:
[   .0000]BIS-820 [em0x000000000000x00000009bf] sale
[   0.0000 BOSe80:[mm 0x00000009c00-x00000009fff rseve
[   00000] IO-e20 [em0x0000000f0000x00000000fff]reered
[   00000] IO-e20 [em0x000000000000x000007feff] sale
[   .0000]BOSe80:[mm x000007ff000-x000007fffff APIdaa
[   .0000]BIS-820 [em0x00000fc000-0000000fc0ff] esrvd
[   00000] IO-e20 [em0x00000fe00000x00000fe0ff] esrvd
[   .0000]BIS-82: me 0000000ffc0000x00000ffffff rseve
[   00000] otce N (xecue isbl) roecio mssnginCP!
[   00000] MBOS2. pesnt
[   0.0000 DI:inotk mbH iruaBo/Vrtalox BOSVitulBx 2/1/206

   00000] yprvso dtete: KM
[   .0000]e80:lat_pn  07ff0ma_achpf =0x0000
[   00000] TR: isbld
[   0.00000 x6/AT MRR dsale, skppngPA iitiaiztin oo
[   .0000]x86PA: onigraio [-7: B WT U- C WB W  C-UC 
[   .0000] PUMTRsal ban -vituaizd ysem
[   00000] ound MPMPtaleat[mm x009ff-0009fff mppd t c00ff0]

[   00000] canig  aea fo lw emrycorutin
[   .0000]RADIK:[mm x39af00-x34cff]
[   .0000]ACI:Ealytalechckumveifiatondiabed

[   .0000]ACI:RSP x0000000E00000004 v0 VOX )
[   .0000]ACI:XST x0000007FF03 000C v0 VOX  VBXXDT000001AS  00001)

[   00000] CP: AC 0000000FF000 00F4(v4 BOX  BOFAP 00001 SL 000061
[   .0000]ACP: SD 0000000FF040 021C (02VBX  VBXBOS000002INL 01018)
[   .0000]ACI:FAS x000000FF020 0040

[   .0000] CP: AC 0000000FF020 0000
[   .0000]ACI:API 0000000FF020 0054(v0 VOX  BOAPC 00001 AS  00001)
[   .0000]ACI:SST x000000FF020 00CC(v1 BO   BOCPT 00002 INL 01018)
[   .0000]115M HGHEM valale
[   .0000]891B OWEMavilbl.
[   00000]  mppd owra: 0- 7be00
[  0.0000  lo rm:0  3bf00
[   .0000]kvmclck Uin mrs4b6401an 456d0
[   00000] vmclck cu , ms 037fd01 prmay puclck

[   .0000]kvm-lok:usngschd ffetof16196142cyles

[   00000] loksure:kv-clok:mak:0xffffffffff mx_yces 01c424dfb mx_ilens 81505143 s
[   0.0000 Znerange:
[   .0000]  DA    [em0x00000000000-x0000000ffff
[   .0000]  Nrml  [em0x0000000000-00000007bdff]

[   0.0000  HihMm  me 00000007be00-x000000fffff]

[   .0000]Moabe on sar fr ac nde
[   .0000]Ealymeor nod rngs
[   0.0000  noe  0 [em0x0000000000-000000000eff]

[   00000]  nde  : me 000000001000-x000007ffeff]
[   .00000 Iitemsetp od 0[mm x00000000100-x000007fefff
[   .0000]UsngAPC rier dfalt

[   .0000]ACPI:PMTierIOPot:0x00
[   00000] OAIC0] aicid , erio 3, ddes 0fe0000,GS 023
[   .0000]ACP: NTSR_OR bu 0bu_iq 0glba_iq  dl fl
[   .0000]ACPI IT_RCOVR bu 0bu_iq 9 gobl_rq9 ig lve)
[   .0000]UsngACI MAT)for MPcofiurtio ifomaio
[   00000] mpoo: llwin 1CPs,0 otlu CUs
[   .0000]PM Rgiterd osvemeor: me 0000000-x0000ff]

[   000000]PM Rgistre nsae emry [em0x009f000x00fff]
[   00000] M:Reiserd nsae emry [em0x00000-x00eff]
[   .0000] M:Reiserd osvemeory [em0x00000-x00fff]
[   .0000]e80:[mm x800000-xfbfff] aaiabe orPC dvies

[   00000] ootngpaavrtaliedkene o KM
[   .00000 cocsorc: reind-ifie: msk 0ffffffma_ccls:0xffffff mx_ilens 74519001168ns

[   .0000]seuppecp: R_CPU:8nrcpmak_bit:8nrcp_ids: n_ndeid:1
[   .0000]pecp: mbeded21paes/pu@f6e00 s502 0 3094 8616

[   .0000]PV spnlckhah abe nties 52 ore: , 09 btes
[   00000] uit  zneists i Zneorer,moiltygrupngon  otl pge: 2144
[   .0000] Krnl oman lie:BOT_MAE=bot/mlnu-4.0.-3-gneicrot=ABL=loudmgrotf r cosoe=tt1 onol=tyS
[   .0000] PD as tbl enris:406 orer 2 138 byts)

[   00000] enrycahehah taleenris:13172(ode: , 2488byes)

[   00000] noe-ace as taleenris:6536(ode: , 6244byes)

[   00000] niiaizng PU0
[   .0000]Intialzig igMe fr od 0(0037fe007ff0
[   .0000]Initalzig ovble ornoe  (000000000000
[   .0000]Memry 24856/20666Kavilbl (45K erel od, 65 rdaa,320Kroata,108Kint,91K ss 484K esrvd,0Kcm-rseve, 1868K igme)
[   .0000] vrtalkene mmoy ayut
   00000]   fima   0ff1500- xfff000  (93 k)[   .0000]   pkap   0ff0000- 0xfe000  (04 k)[   .0000]   valoc: xf3f00 -0xfbe00  ( 20MB
    .0000]   lwmm : xc0000 -0x7be00  (89 M)
[  0.0000     .ni :0xece00  0ce3a00  108 kB
   00000]     daa  0ce42df- xcc368  (472kB
   00000]     tet  0ce0000- xc842d  (856kB
[   00000] hekig f hi proesorhoous heWPbi eeninsuerisr od..Ok
[   .0000]SLB:HWlin=4,Orer0-, inbjct=0 CUs1,Noes1
[  0.0000 Herrcicl CUimleenaton
[   .0000]	Bil-tmeadusmet f ea fnot o 2.
[  0.0000 	CUretrctngCPs ro N_CUS=8tonrcp_is=.
[   .0000]RC: Ajutig eoetryfo ru_anutlef=2,nrcp_is=
[   .0000]NR_RQ:204nrirq:26 6
[   00000] onole:coou VA+8025

[   00000] onsoe tt1]enbld
[   .0000]cosoe ttS0 eabed
[   .0000]alocte 29752byesofpae_xt

[   .0000]ts: etctd 99.987MH poceso
[   33.232543] Calibrating delay loop (skipped) preset value.. 3989.97 BogoMIPS (lpj=7979948)
[   33.481141] pid_max: default: 32768 minimum: 301
[   33.632643] ACPI: Core revision 20160930
[   33.781880] ACPI: 2 ACPI AML tables successfully acquired and loaded
[   33.971730] Security Framework initialized
[   34.093237] Yama: becoming mindful.
[   34.200367] AppArmor: AppArmor initialized
[   34.331049] Mount-cache hash table entries: 2048 (order: 1, 8192 bytes)
[   34.527038] Mountpoint-cache hash table entries: 2048 (order: 1, 8192 bytes)
[   34.762417] CPU: Physical Processor ID: 0
[   34.877935] mce: CPU supports 0 MCE banks
[   34.994793] process: using mwait in idle threads
[   35.132581] Last level iTLB entries: 4KB 512, 2MB 7, 4MB 7
[   35.296282] Last level dTLB entries: 4KB 512, 2MB 32, 4MB 32, 1GB 0
[   36.256792] random: fast init done
[   36.629980] Freeing SMP alternatives memory: 32K
[   36.978145] ftrace: allocating 33259 entries in 65 pages
[   37.471459] smpboot: Max logical packages: 1
[   37.600429] Enabling APIC mode:  Flat.  Using 1 I/O APICs
[   37.786207] ..TIMER: vector=0x30 apic1=0 pin1=2 apic2=-1 pin2=-1
[   38.073224] APIC calibration not consistent with PM-Timer: 96ms instead of 100ms
[   38.302347] APIC delta adjusted to PM-Timer: 6253545 (6028424)
[   38.482397] smpboot: CPU0: Intel(R) Pentium(R) CPU        P6100  @ 2.00GHz (family: 0x6, model: 0x25, stepping: 0x5)
[   38.823407] Performance Events: unsupported p6 CPU model 37 no PMU driver, software events only.
[   39.092693] KVM setup paravirtual spinlock
[   39.260925] smp: Bringing up secondary CPUs ...
[   39.392692] smp: Brought up 1 node, 1 CPU
[   39.509443] smpboot: Total of 1 processors activated (3989.97 BogoMIPS)
[   39.731252] devtmpfs: initialized
[   39.837246] evm: security.selinux
[   39.932629] evm: security.SMACK64
[   40.038712] evm: security.SMACK64EXEC
[   40.143790] evm: security.SMACK64TRANSMUTE
[   40.236147] evm: security.SMACK64MMAP
[   40.341861] evm: security.ima
[   40.426830] evm: security.capability
[   40.529355] clocksource: jiffies: mask: 0xffffffff max_cycles: 0xffffffff, max_idle_ns: 7645041785100000 ns
[   40.684092] futex hash table entries: 256 (order: 2, 16384 bytes)
[   40.697603] pinctrl core: initialized pinctrl subsystem
[   40.755910] RTC time:  9:51:40, date: 09/08/17
[   40.830378] NET: Registered protocol family 16
[   40.909855] EISA bus registered
[   40.944829] cpuidle: using governor ladder
[   41.058136] cpuidle: using governor menu
[   41.092229] PCCT header not found.
[   41.140577] ACPI: bus type PCI registered
[   41.220148] acpiphp: ACPI Hot Plug PCI Controller Driver version: 0.5
[   41.342774] PCI: PCI BIOS revision 2.10 entry at 0xfda26, last bus=0
[   41.529692] PCI: Using configuration type 1 for base access
[   41.716705] HugeTLB registered 2 MB page size, pre-allocated 0 pages
[   41.916014] ACPI: Added _OSI(Module Device)
[   42.048256] ACPI: Added _OSI(Processor Device)
[   42.153886] ACPI: Added _OSI(3.0 _SCP Extensions)
[   42.286863] ACPI: Added _OSI(Processor Aggregator Device)
[   42.471665] ACPI: Executed 1 blocks of module-level executable AML code
[   42.683327] ACPI: Interpreter enabled
[   42.784670] ACPI: (supports S0 S5)
[   42.885944] ACPI: Using IOAPIC for interrupt routing
[   43.033987] PCI: Using host bridge windows from ACPI; if necessary, use "pci=nocrs" and report a bug
[   43.338957] ACPI: PCI Root Bridge [PCI0] (domain 0000 [bus 00-ff])
[   43.528892] acpi PNP0A03:00: _OSC: OS supports [ASPM ClockPM Segments MSI]
[   43.738530] acpi PNP0A03:00: _OSC failed (AE_NOT_FOUND); disabling ASPM
[   43.929174] acpi PNP0A03:00: fail to add MMCONFIG information, can't access extended PCI configuration space under this bridge.
[   44.117536] PCI host bridge to bus 0000:00
[   44.135010] pci_bus 0000:00: root bus resource [io  0x0000-0x0cf7 window]
[   44.221170] pci_bus 0000:00: root bus resource [io  0x0d00-0xffff window]
[   44.260406] pci_bus 0000:00: root bus resource [mem 0x000a0000-0x000bffff window]
[   44.326275] pci_bus 0000:00: root bus resource [mem 0x80000000-0xffdfffff window]
[   44.353356] pci_bus 0000:00: root bus resource [bus 00-ff]
[   44.442370] pci 0000:00:01.1: legacy IDE quirk: reg 0x10: [io  0x01f0-0x01f7]
[   44.506880] pci 0000:00:01.1: legacy IDE quirk: reg 0x14: [io  0x03f6]
[   44.574199] pci 0000:00:01.1: legacy IDE quirk: reg 0x18: [io  0x0170-0x0177]
[   44.758829] pci 0000:00:01.1: legacy IDE quirk: reg 0x1c: [io  0x0376]
[   44.842746] pci 0000:00:07.0: quirk: [io  0x4000-0x403f] claimed by PIIX4 ACPI
[   44.902067] pci 0000:00:07.0: quirk: [io  0x4100-0x410f] claimed by PIIX4 SMB
[   44.970647] ACPI: PCI Interrupt Link [LNKA] (IRQs 5 9 10 *11)
[   44.989832] ACPI: PCI Interrupt Link [LNKB] (IRQs 5 9 10 *11)
[   45.008912] ACPI: PCI Interrupt Link [LNKC] (IRQs 5 9 *10 11)
[   45.026370] ACPI: PCI Interrupt Link [LNKD] (IRQs 5 *9 10 11)
[   45.052955] ACPI: Enabled 2 GPEs in block 00 to 07
[   45.192600] SCSI subsystem initialized
[   45.254576] pci 0000:00:02.0: vgaarb: setting as boot VGA device
[   45.433488] pci 0000:00:02.0: vgaarb: VGA device added: decodes=io+mem,owns=io+mem,locks=none
[   45.690622] pci 0000:00:02.0: vgaarb: bridge control possible
[   45.864573] vgaarb: loaded
[   45.944314] ACPI: bus type USB registered
[   46.060495] usbcore: registered new interface driver usbfs
[   46.220299] usbcore: registered new interface driver hub
[   46.379444] usbcore: registered new device driver usb
[   46.450061] PCI: Using ACPI for IRQ routing
[   46.582355] NetLabel: Initializing
[   46.588551] NetLabel:  domain hash size = 128
[   46.589578] NetLabel:  protocols = UNLABELED CIPSOv4 CALIPSO
[   46.593218] NetLabel:  unlabeled traffic allowed by default
[   46.698005] clocksource: Switched to clocksource kvm-clock
[   46.735399] VFS: Disk quotas dquot_6.6.0
[   46.741872] VFS: Dquot-cache hash table entries: 1024 (order 0, 4096 bytes)
[   46.765342] AppArmor: AppArmor Filesystem Enabled
[   46.777711] pnp: PnP ACPI init
[   46.791962] pnp: PnP ACPI: found 3 devices
[   46.809711] PnPBIOS: Disabled by ACPI PNP
[   46.910455] clocksource: acpi_pm: mask: 0xffffff max_cycles: 0xffffff, max_idle_ns: 2085701024 ns
[   46.929038] NET: Registered protocol family 2
[   46.948949] TCP established hash table entries: 8192 (order: 3, 32768 bytes)
[   46.972783] TCP bind hash table entries: 8192 (order: 4, 65536 bytes)
[   46.984994] TCP: Hash tables configured (established 8192 bind 8192)
[   47.000556] UDP hash table entries: 512 (order: 2, 16384 bytes)
[   47.011164] UDP-Lite hash table entries: 512 (order: 2, 16384 bytes)
[   47.031073] NET: Registered protocol family 1
[   47.044413] pci 0000:00:00.0: Limiting direct PCI/PCI transfers
[   47.055723] pci 0000:00:01.0: Activating ISA DMA hang workarounds
[   47.064721] pci 0000:00:02.0: Video device with shadowed ROM at [mem 0x000c0000-0x000dffff]
[   47.082111] Unpacking initramfs...
[   50.399903] Freeing initrd memory: 11392K
[   50.429490] platform rtc_cmos: registered platform RTC device (no PNP device found)
[   50.476727] Scanning for low memory corruption every 60 seconds
[   50.516835] audit: initializing netlink subsys (disabled)
[   50.527952] Initialise system trusted keyrings
[   50.539930] audit: type=2000 audit(1504864288.055:1): initialized
[   50.628784] workingset: timestamp_bits=14 max_order=19 bucket_order=5
[   50.650010] zbud: loaded
[   50.657728] squashfs: version 4.0 (2009/01/31) Phillip Lougher
[   50.693189] fuse init (API version 7.26)
[   50.794849] Key type asymmetric registered
[   50.807007] Asymmetric key parser 'x509' registered
[   50.860260] bounce: pool size: 64 pages
[   50.888175] Block layer SCSI generic (bsg) driver version 0.4 loaded (major 248)
[   50.893672] io scheduler noop registered
[   50.927328] io scheduler deadline registered
[   50.958309] io scheduler cfq registered (default)
[   51.031344] ACPI: AC Adapter [AC] (on-line)
[   51.064070] input: Power Button as /devices/LNXSYSTM:00/LNXPWRBN:00/input/input0
[   51.089393] ACPI: Power Button [PWRF]
[   51.096143] input: Sleep Button as /devices/LNXSYSTM:00/LNXSLPBN:00/input/input1
[   51.101232] ACPI: Sleep Button [SLPF]
[   51.124972] GHES: HEST is not enabled!
[   51.135438] ACPI: Battery Slot [BAT0] (battery present)
[   51.148934] isapnp: Scanning for PnP cards...
[   51.184391] Serial: 8250/16550 driver, 32 ports, IRQ sharing enabled
[   51.266795] 00:02: ttyS0 at I/O 0x3f8 (irq = 4, base_baud = 115200) is a 16550A
[   51.304850] Linux agpgart interface v0.103
[   51.447007] tsc: Refined TSC clocksource calibration: 1994.997 MHz
[   51.470314] clocksource: tsc: mask: 0xffffffffffffffff max_cycles: 0x3983709e4b9, max_idle_ns: 881590582525 ns
[   51.479351] loop: module loaded
[   51.690517] scsi host0: ata_piix
[   51.880563] scsi host1: ata_piix
[   51.947730] isapnp: No Plug & Play device found
[   51.960340] ata1: PATA max UDMA/33 cmd 0x1f0 ctl 0x3f6 bmdma 0xd000 irq 14
[   51.973859] ata2: PATA max UDMA/33 cmd 0x170 ctl 0x376 bmdma 0xd008 irq 15
[   52.015879] libphy: Fixed MDIO Bus: probed
[   52.028064] tun: Universal TUN/TAP device driver, 1.6
[   52.032540] tun: (C) 1999-2004 Max Krasnyansky <maxk@qualcomm.com>
[   52.078561] PPP generic driver version 2.4.2
[   52.096046] ehci_hcd: USB 2.0 'Enhanced' Host Controller (EHCI) Driver
[   52.115174] ehci-pci: EHCI PCI platform driver
[   52.125126] ehci-platform: EHCI generic platform driver
[   52.132919] ohci_hcd: USB 1.1 'Open' Host Controller (OHCI) Driver
[   52.162050] ohci-pci: OHCI PCI platform driver
[   52.184737] ohci-platform: OHCI generic platform driver
[   52.199320] uhci_hcd: USB Universal Host Controller Interface driver
[   52.233071] i8042: PNP: PS/2 Controller [PNP0303:PS2K,PNP0f03:PS2M] at 0x60,0x64 irq 1,12
[   52.264714] serio: i8042 KBD port at 0x60,0x64 irq 1
[   52.288297] serio: i8042 AUX port at 0x60,0x64 irq 12
[   52.302874] mousedev: PS/2 mouse device common for all mice
[   52.361334] input: AT Translated Set 2 keyboard as /devices/platform/i8042/serio0/input/input2
[   52.395257] rtc_cmos rtc_cmos: rtc core: registered rtc_cmos as rtc0
[   52.410528] rtc_cmos rtc_cmos: alarms up to one day, 114 bytes nvram
[   52.444374] i2c /dev entries driver
[   52.460853] device-mapper: uevent: version 1.0.3
[   52.475128] device-mapper: ioctl: 4.35.0-ioctl (2016-06-23) initialised: dm-devel@redhat.com
[   52.494406] platform eisa.0: Probing EISA bus 0
[   52.496580] platform eisa.0: EISA: Cannot allocate resource for mainboard
[   52.525127] platform eisa.0: Cannot allocate resource for EISA slot 1
[   52.546304] platform eisa.0: Cannot allocate resource for EISA slot 2
[   52.574143] platform eisa.0: Cannot allocate resource for EISA slot 3
[   52.624047] platform eisa.0: Cannot allocate resource for EISA slot 4
[   52.659534] platform eisa.0: Cannot allocate resource for EISA slot 5
[   52.676956] platform eisa.0: Cannot allocate resource for EISA slot 6
[   52.696460] platform eisa.0: Cannot allocate resource for EISA slot 7
[   52.721258] platform eisa.0: Cannot allocate resource for EISA slot 8
[   52.777429] platform eisa.0: EISA: Detected 0 cards
[   52.824961] cpufreq_nforce2: No nForce2 chipset
[   52.843193] ledtrig-cpu: registered to indicate activity on CPUs
[   52.846993] NET: Registered protocol family 10
[   53.018833] Segment Routing with IPv6
[   53.027787] NET: Registered protocol family 17
[   53.059450] Key type dns_resolver registered
[   53.084253] Using IPI No-Shortcut mode
[   53.112684] registered taskstats version 1
[   53.126116] Loading compiled-in X.509 certificates
[   53.167202] Loaded X.509 cert 'Build time autogenerated kernel key: f0086424e0586a32f1b2b702047db4f61f2e03b8'
[   53.245569] zswap: loaded using pool lzo/zbud
[   53.294269] Key type big_key registered
[   53.392847] Key type trusted registered
[   53.528809] Key type encrypted registered
[   53.655410] AppArmor: AppArmor sha1 policy hashing enabled
[   53.818848] ima: No TPM chip found, activating TPM-bypass! (rc=-19)
[   53.999192] evm: HMAC attrs: 0x1
[   54.095718]   Magic number: 1:910:878
[   54.208606] rtc_cmos rtc_cmos: setting system clock to 2017-09-08 09:51:53 UTC (1504864313)
[   54.423847] BIOS EDD facility v0.16 2004-Jun-25, 0 devices found
[   54.607160] EDD information not available.
[   54.756371] Freeing unused kernel memory: 1008K
[   54.895264] Write protecting the kernel text: 8460k
[   55.045518] Write protecting the kernel read-only data: 3204k
Loading, please wait...
starting version 232
[   55.945163] Fusion MPT base driver 3.04.20
[   56.066423] Copyright (c) 1999-2008 LSI Corporation
[   56.267490] e1000: Intel(R) PRO/1000 Network Driver - version 7.3.21-k8-NAPI
[   56.478098] e1000: Copyright (c) 1999-2006 Intel Corporation.
[   56.933918] input: ImExPS/2 Generic Explorer Mouse as /devices/platform/i8042/serio1/input/input4
[   57.293430] Fusion MPT SPI Host driver 3.04.20
[   57.869714] e1000 0000:00:03.0 eth0: (PCI:33MHz:32-bit) 02:3c:e8:b4:d9:fa
[   58.075528] e1000 0000:00:03.0 eth0: Intel(R) PRO/1000 Network Connection
[   58.287152] mptbase: ioc0: Initiating bringup
[   58.502183] ioc0: LSI53C1030 A0: Capabilities={Initiator}
[   58.920690] scsi host2: ioc0: LSI53C1030 A0, FwRev=00000000h, Ports=1, MaxQ=256, IRQ=20
[   59.130844] scsi 2:0:0:0: Direct-Access     VBOX     HARDDISK         1.0  PQ: 0 ANSI: 5
[   59.147076] scsi target2:0:0: Beginning Domain Validation
[   59.220779] scsi target2:0:0: Domain Validation skipping write tests
[   59.231986] scsi target2:0:0: Ending Domain Validation
[   59.275347] scsi target2:0:0: asynchronous
[   59.536611] scsi 2:0:1:0: Direct-Access     VBOX     HARDDISK         1.0  PQ: 0 ANSI: 5
[   59.881525] floppy0: no floppy controllers found
[   60.016707] scsi target2:0:1: Beginning Domain Validation
[   60.184519] scsi target2:0:1: Domain Validation skipping write tests
[   60.239606] scsi target2:0:1: Ending Domain Validation
[   60.261333] scsi target2:0:1: asynchronous
[   60.269415] e1000 0000:00:08.0 eth1: (PCI:33MHz:32-bit) 08:00:27:e5:3f:39
[   60.311554] e1000 0000:00:08.0 eth1: Intel(R) PRO/1000 Network Connection
[   60.353112] e1000 0000:00:08.0 enp0s8: renamed from eth1
[   60.370987] e1000 0000:00:03.0 enp0s3: renamed from eth0
[   60.453693] sd 2:0:0:0: Attached scsi generic sg0 type 0
[   60.475759] sd 2:0:0:0: [sda] 20971520 512-byte logical blocks: (10.7 GB/10.0 GiB)
[   60.486948] sd 2:0:1:0: [sdb] 20480 512-byte logical blocks: (10.5 MB/10.0 MiB)
[   60.525409] sd 2:0:1:0: Attached scsi generic sg1 type 0
[   60.549889] sd 2:0:0:0: [sda] Write Protect is off
[   60.584455] sd 2:0:1:0: [sdb] Write Protect is off
[   60.630803] sd 2:0:0:0: [sda] Incomplete mode parameter data
[   60.661322] sd 2:0:0:0: [sda] Assuming drive cache: write through
[   60.711993] sd 2:0:1:0: [sdb] Incomplete mode parameter data
[   60.727102] sd 2:0:1:0: [sdb] Assuming drive cache: write through
[   60.898499]  sda: sda1
[   60.913592] sd 2:0:0:0: [sda] Attached SCSI disk
[   60.941046] sd 2:0:1:0: [sdb] Attached SCSI disk
Begin: Loading essential drivers ... [   64.131515] raid6: mmxx1    gen()  2589 MB/s
[   64.193914] raid6: mmxx2    gen()  2935 MB/s
[   64.294222] raid6: sse1x1   gen()  2293 MB/s
[   64.402962] raid6: sse1x2   gen()  2795 MB/s
[   64.462426] raid6: sse2x1   gen()  4663 MB/s
[   64.626338] raid6: sse2x1   xor()  3441 MB/s
[   64.794582] raid6: sse2x2   gen()  5364 MB/s
[   64.965826] raid6: sse2x2   xor()  4188 MB/s
[   65.092369] raid6: using algorithm sse2x2 gen() 5364 MB/s
[   65.250426] raid6: .... xor() 4188 MB/s, rmw enabled
[   65.401050] raid6: using ssse3x1 recovery algorithm
[   65.577997] xor: measuring software checksum speed
[   65.730515]    pIII_sse  :  7328.000 MB/sec
[   65.893832]    prefetch64-sse:  9748.000 MB/sec
[   65.900311] xor: using function: prefetch64-sse (9748.000 MB/sec)
[   65.953202] async_tx: api initialized (async)
done.
Begin: Running /scripts/init-premount ... done.
Begin: Mounting root file system ... Begin: Running /scripts/local-top ... done.
Begin: Running /scripts/local-premount ... [   66.558869] Btrfs loaded, crc32c=crc32c-generic
Scanning for Btrfs filesystems
done.
Warning: fsck not present, so skipping root file system
[   67.190400] EXT4-fs (sda1): INFO: recovery required on readonly filesystem
[   67.367637] EXT4-fs (sda1): write access will be enabled during recovery
[   68.117909] hrtimer: interrupt took 9431704 ns
[   68.467529] EXT4-fs (sda1): orphan cleanup on readonly fs
[   68.612809] EXT4-fs (sda1): 6 orphan inodes deleted
[   68.694614] EXT4-fs (sda1): recovery complete
[   68.745156] EXT4-fs (sda1): mounted filesystem with ordered data mode. Opts: (null)
done.
Begin: Running /scripts/local-bottom ... done.
Begin: Running /scripts/init-bottom ... /scripts/init-bottom/plymouth: line 18: /bin/plymouth: not found[   69.311285] random: crng init done

done.
[   70.927374] ip_tables: (C) 2000-2006 Netfilter Core Team
[   71.585856] systemd[1]: systemd 232 running in system mode. (+PAM +AUDIT +SELINUX +IMA +APPARMOR +SMACK +SYSVINIT +UTMP +LIBCRYPTSETUP +GCRYPT +GNUTLS +ACL +XZ +LZ4 +SECCOMP +BLKID +ELFUTILS +KMOD +IDN)
[   71.799941] systemd[1]: Detected virtualization oracle.
[   71.806937] systemd[1]: Detected architecture x86.

Welcome to [1mUbuntu 17.04[0m!

[   71.876558] systemd[1]: Set hostname to <ubuntu-zesty>.
[   75.200657] systemd[1]: Listening on Device-mapper event daemon FIFOs.
[[0;32m  OK  [0m] Listening on Device-mapper event daemon FIFOs.
[   75.647447] systemd[1]: Created slice User and Session Slice.
[[0;32m  OK  [0m] Created slice User and Session Slice.
[   75.778578] systemd[1]: Started Forward Password Requests to Wall Directory Watch.
[[0;32m  OK  [0m] Started Forward Password Requests to Wall Directory Watch.
[   75.789541] systemd[1]: Listening on LVM2 metadata daemon socket.
[[0;32m  OK  [0m] Listening on LVM2 metadata daemon socket.
[   75.809644] systemd[1]: Listening on Journal Socket (/dev/log).
[[0;32m  OK  [0m] Listening on Journal Socket (/dev/log).
[   75.826508] systemd[1]: Listening on udev Control Socket.
[[0;32m  OK  [0m] Listening on udev Control Socket.
[[0;32m  OK  [0m] Created slice System Slice.
         Mounting POSIX Message Queue File System...
         Mounting Huge Pages File System...
         Mounting Debug File System...
[[0;32m  OK  [0m] Created slice system-serial\x2dgetty.slice.
[[0;32m  OK  [0m] Reached target Swap.
[[0;32m  OK  [0m] Reached target Slices.
[[0;32m  OK  [0m] Set up automount Arbitrary Executab…rmats File System Automount Point.
[[0;32m  OK  [0m] Listening on Journal Audit Socket.
[[0;32m  OK  [0m] Listening on Journal Socket.
         Starting Monitoring of LVM2 mirrors…ng dmeventd or progress polling...
         Starting Create list of required st…ce nodes for the current kernel...
         Starting Remount Root and Kernel File Systems...
[   76.675146] systemd[1]: Starting Set the console keyboard layout...
[   76.928692] EXT4-fs (sda1): re-mounted. Opts: (null)
         Starting Set the console keyboard layout...
[   77.046948] systemd[1]: Starting Nameserver information manager...
         Starting Nameserver information manager...
[   77.238582] systemd[1]: Starting Load Kernel Modules...
         Starting Load Kernel Modules...
[   77.455631] systemd[1]: Listening on /dev/initctl Compatibility Named Pipe.
[[0;32m  OK  [0m] Listening on /dev/initctl Compatibility Named Pipe.
[   77.768028] systemd[1]: Listening on Syslog Socket.
[[0;32m  OK  [0m] Listening on Syslog Socket.
[   77.821870] systemd[1]: Starting Journal Service...
         Starting Journal[   77.961190] Loading iSCSI transport class v2.0-870.
 Service...
[   78.078750] systemd[1]: Reached target User and Group Name Lookups.
[   78.350203] iscsi: registered transport (tcp)
[[0;32m  OK  [0m] Reached target User and Group Name Lookups.
[   78.534638] systemd[1]: Listening on LVM2 poll daemon socket.
[[0;32m  OK  [0[   78.926505] iscsi: registered transport (iser)
m] Listening on LVM2 poll daemon socket.
[   79.135709] systemd[1]: Starting Uncomplicated firewall...
         Starting Uncomplicated firewall...
[   79.434731] systemd[1]: Listening on udev Kernel Socket.
[[0;32m  OK  [0m] Listening on udev Kernel Socket.
[[0;32m  OK  [0m] Mounted Huge Pages File System.
[[0;32m  OK  [0m] Mounted Debug File System.
[[0;32m  OK  [0m] Mounted POSIX Message Queue File System.
[[0;32m  OK  [0m] Started Journal Service.
[[0;32m  OK  [0m] Started Create list of required sta…vice nodes for the current kernel.
[[0;32m  OK  [0m] Started Remount Root and Kernel File Systems.
[[0;32m  OK  [0m] Started Load Kernel Modules.
[[0;32m  OK  [0m] Started Uncomplicated firewall.
[[0;32m  OK  [0m] Started Nameserver information manager.
[[0;32m  OK  [0m] Started LVM2 metadata daemon.
         Starting Apply Kernel Variables...
         Mounting FUSE Control File System...
         Mounting Configuration File System...
         Starting udev Coldplug all Devices...
         Starting Load/Save Random Seed...
         Starting Initial cloud-init job (pre-networking)...
         Starting Create Static Device Nodes in /dev...
         Starting Flush Journal to Persistent Storage...
[[0;32m  OK  [0m] Mounted Configuration File System.
[[0;32m  OK  [0m] Mounted FUSE Control File System.
[[0;32m  OK  [0m] Started Apply Kernel Variables.
[[0;32m  OK  [0m] Started Load/Save Random Seed.
[[0;32m  OK  [0m] Started Monitoring of LVM2 mirrors,…sing dmeventd or progress polling.
[[0;32m  OK  [0m] Started Flush Journal to Persistent Storage.
[[0;32m  OK  [0m] Started Create Static Device Nodes in /dev.
         Starting udev Kernel Device Manager...
[[0;32m  OK  [0m] Started udev Coldplug all Devices.
[[0;32m  OK  [0m] Started udev Kernel Device Manager.
[[0;32m  OK  [0m] Started Set the console keyboard layout.
[[0;32m  OK  [0m] Started Dispatch Password Requests to Console Directory Watch.
[[0;32m  OK  [0m] Reached target Encrypted Volumes.
[[0;32m  OK  [0m] Reached target Local File Systems (Pre).
[[0;32m  OK  [0m] Reached target Local File Systems.
         Starting Create Volatile Files and Directories...
         Starting ebtables ruleset management...
         Starting Set console font and keymap...
         Starting Tell Plymouth To Write Out Runtime Data...
         Starting AppArmor initialization...
[[0;32m  OK  [0m] Started Tell Plymouth To Write Out Runtime Data.
[[0;32m  OK  [0m] Started Set console font and keymap.
[[0;32m  OK  [0m] Started Create Volatile Files and Directories.
[[0;32m  OK  [0m] Reached target System Time Synchronized.
         Starting Update UTMP about System Boot/Shutdown...
[[0;32m  OK  [0m] Started Update UTMP about System Boot/Shutdown.
[[0;32m  OK  [0m] Started ebtables ruleset management.
[[0;32m  OK  [0m] Started AppArmor initialization.
[[0;32m  OK  [0m] Found device /dev/ttyS0.
[[0;32m  OK  [0m] Listening on Load/Save RF Kill Switch Status /dev/rfkill Watch.
[[0;32m  OK  [0m] Found device 82540EM Gigabit Ethern…ler (PRO/1000 MT Desktop Adapter).
[   53.613683] cloud-init[424]: Cloud-init v. 0.7.9 running 'init-local' at Fri, 08 Sep 2017 09:52:34 +0000. Up 51.09 seconds.
[[0;32m  OK  [0m] Started Initial cloud-init job (pre-networking).
[[0;32m  OK  [0m] Reached target Network (Pre).
[[0;32m  OK  [0m] Started ifup for enp0s3.
         Starting Raise network interfaces...
[[0;32m  OK  [0m] Started Raise network interfaces.
         Starting Initial cloud-init job (metadata service crawler)...
[[0;32m  OK  [0m] Reached target Network.
[   66.218739] cloud-init[972]: Cloud-init v. 0.7.9 running 'init' at Fri, 08 Sep 2017 09:52:47 +0000. Up 63.75 seconds.
[   66.336578] cloud-init[972]: ci-info: ++++++++++++++++++++++++++++++Net device info++++++++++++++++++++++++++++++
[   66.431275] cloud-init[972]: ci-info: +---------+-------+-----------+---------------+-------+-------------------+
[   66.522194] cloud-init[972]: ci-info: |  Device |   Up  |  Address  |      Mask     | Scope |     Hw-Address    |
[[   66.603602] [0;32m  OK  [0m] Started Initial cloud-init job (metadata service crawler).
[[0;32m  OK  [0m] Reached target Cloud-config availability.
[[0;32m  OK  [0m] Reached target System Initialization.
cloud-init[972]: ci-info: +---------+-------+-----------+---------------+-------+-------------------+
[   66.694607] cloud-init[972]: ci-info: |   lo:   |  True | 127.0.0.1 |   255.0.0.0   |   .   |         .         |
[[0;32m  OK  [0m] Started Daily apt activities.
[[0;32m  OK  [0m] Started Message of the Day.
[   66.768715] cloud-init[972]: ci-info: |   lo:   |  True |     .     |       .       |   d   |         .         |
[[0;32m  OK  [0m] Listening on D-Bus System Message Bus Socket.
[[0;32m  OK  [0m] Started Daily Cleanup of Temporary Directories.
[   66.888619] cloud-init[972]: ci-info: | enp0s3: |  True | 10.0.2.15 | 255.255.255.0 |   .   | 02:3c:e8:b4:d9:fa |
[   67.013137] cloud-init[972]: ci-info: | enp0s3: |  True |     .     |       .       |   d   | 02:3c:e8:b4:d9:fa |
[   67.089858] cloud-init[972]: ci-info: | enp0s8: | False |     .     |       .       |   .   | 08:00:27:e5:3f:39 |
[   67.149561] cloud-init[972]: ci-info: +---------+-------+-----------+---------------+-------+-------------------+
[   67.151277] cloud-init[972]: ci-info: +++++++++++++++++++++++++++Route IPv4 info++++++++++++++++++++++++++++
         Starting LXD - unix socket.
[   67.152999] cloud-init[972]: ci-info: +-------+-------------+----------+---------------+-----------+-------+
[   67.385878] cloud-init[972]: ci-info: | Route | Destination | Gateway  |    Genmask    | Interface | Flags |
[[0;32m  OK  [0m] Started ACPI Events Check.
[[0;32m  OK  [0m] Reached target Paths.
[   67.456763] cloud-init[972]: ci-info: +-------+-------------+----------+---------------+-----------+-------+
[[0;32m  OK  [0m] Started Clean PHP session files every 30 mins.
[[0;32m  OK  [0m] Reached target Timers.
[   67.573147] [[0;32m  OK  [0m] Listening on ACPID Listen Socket.
[[0;32m  OK  [0m] Listening on UUID daemon activation socket.
cloud-init[972]: ci-info: |   0   |   0.0.0.0   | 10.0.2.2 |    0.0.0.0    |   enp0s3  |   UG  |
[   67.685394] cloud-init[972]: ci-info: |   1   |   10.0.2.0  | 0.0.0.0  | 255.255.255.0 |   enp0s3  |   U   |
[[0;32m  OK  [0m] Listening on LXD - unix socket.
[[0;32m  OK  [0m] Reached target Sockets.
[   67.736776] [[0;32m  OK  [0m] Reached target Basic System.
cloud-init[972]: ci-info: +-------+-------------+----------+---------------+-----------+-------+
         Starting System Logging Service...
         Starting LSB: Record successful boot for GRUB...
         Starting The PHP 7.1 FastCGI Process Manager...
[[0;32m  OK  [0m] Started D-Bus System Message Bus.
         Starting A high performance web server and a reverse proxy server...
         Starting MySQL Community Server...
         Starting Login Service...
[[0;32m  OK  [0m] Started Unattended Upgrades Shutdown.
[[0;32m  OK  [0m] Started FUSE filesystem for LXC.
         Starting Accounts Service...
         Starting Network Name Resolution...
[[0;32m  OK  [0m] Started Deferred execution scheduler.
[[0;32m  OK  [0m] Started Regular background program processing daemon.
[[0;32m  OK  [0m] Started ACPI event daemon.
         Starting LXD - container startup/shutdown...
[[0;32m  OK  [0m] Started System Logging Service.
[[0;32m  OK  [0m] Started Login Service.
[[0;32m  OK  [0m] Started LSB: Record successful boot for GRUB.
[[0;32m  OK  [0m] Started Network Name Resolution.
[[0;32m  OK  [0m] Reached target Network is Online.
         Starting OpenBSD Secure Shell server...
         Starting iSCSI initiator daemon (iscsid)...
         Starting Apply the settings specified in cloud-config...
         Starting Authorization Manager...
[[0;32m  OK  [0m] Started iSCSI initiator daemon (iscsid).
[[0;32m  OK  [0m] Started OpenBSD Secure Shell server.
         Starting Login to default iSCSI targets...
[[0;32m  OK  [0m] Started Authorization Manager.
[[0;32m  OK  [0m] Started Accounts Service.
[[0;32m  OK  [0m] Started A high performance web server and a reverse proxy server.
[[0;32m  OK  [0m] Started Login to default iSCSI targets.
[[0;32m  OK  [0m] Reached target Remote File Systems (Pre).
[[0;32m  OK  [0m] Reached target Remote File Systems.
         Starting LSB: automatic crash report generation...
         Starting LSB: daemon to balance interrupts for SMP systems...
         Starting LSB: VirtualBox Linux Additions...
         Starting Permit User Sessions...
[[0;32m  OK  [0m] Started Permit User Sessions.
         Starting Hold until boot process finishes up...
         Starting Terminate Plymouth Boot Screen...
[[0;32m  OK  [0m] Started Hold until boot process finishes up.
[[0;32m  OK  [0m] Started Serial Getty on ttyS0.
         Starting Set console scheme...
[[0;32m  OK  [0m] Started Terminate Plymouth Boot Screen.
[[0;32m  OK  [0m] Started Set console scheme.
[[0;32m  OK  [0m] Created slice system-getty.slice.
[[0;32m  OK  [0m] Started Getty on tty1.
[[0;32m  OK  [0m] Reached target Login Prompts.
[[0;32m  OK  [0m] Started LSB: daemon to balance interrupts for SMP systems.
[[0;32m  OK  [0m] Started LSB: automatic crash report generation.
[[0;32m  OK  [0m] Started LSB: VirtualBox Linux Additions.

Ubuntu 17.04 ubuntu-zesty ttyS0

ubuntu-zesty login: [   89.604899] cloud-init[1123]: Cloud-init v. 0.7.9 running 'modules:config' at Fri, 08 Sep 2017 09:53:11 +0000. Up 88.14 seconds.
[   98.116957] cloud-init[1298]: Cloud-init v. 0.7.9 running 'modules:final' at Fri, 08 Sep 2017 09:53:20 +0000. Up 97.30 seconds.
[   98.152513] cloud-init[1298]: Cloud-init v. 0.7.9 finished at Fri, 08 Sep 2017 09:53:21 +0000. Datasource DataSourceNoCloud [seed=/dev/sdb][dsmode=net].  Up 98.06 seconds
